# JRE version: Java(TM) SE Runtime Environment (8.0_121-b13) (build 1.8.0_121-b13)
# Java VM: Java HotSpot(TM) Client VM (25.121-b13 mixed mode windows-x86 )
Heap:
 def new generation   total 42496K, used 16842K [0x05000000, 0x07e10000, 0x0faa0000)
  eden space 37824K,  43% used [0x05000000, 0x0603f1e0, 0x074f0000)
  from space 4672K,   4% used [0x07980000, 0x079b39e0, 0x07e10000)
  to   space 4672K,   0% used [0x074f0000, 0x074f0000, 0x07980000)
 tenured generation   total 94280K, used 57565K [0x0faa0000, 0x156b2000, 0x25000000)
   the space 94280K,  61% used [0x0faa0000, 0x132d76d0, 0x132d7800, 0x156b2000)
 Metaspace       used 19675K, capacity 20167K, committed 20352K, reserved 20864K
GC Heap History (10 events):
Event: 95645.146 GC heap before
{Heap before GC invocations=163 (full 3):
 def new generation   total 42496K, used 37930K [0x05000000, 0x07e10000, 0x0faa0000)
  eden space 37824K, 100% used [0x05000000, 0x074f0000, 0x074f0000)
  from space 4672K,   2% used [0x074f0000, 0x0750aaa8, 0x07980000)
  to   space 4672K,   0% used [0x07980000, 0x07980000, 0x07e10000)
 tenured generation   total 94280K, used 57502K [0x0faa0000, 0x156b2000, 0x25000000)
   the space 94280K,  60% used [0x0faa0000, 0x132c7b90, 0x132c7c00, 0x156b2000)
 Metaspace       used 19674K, capacity 20167K, committed 20352K, reserved 20864K
Event: 95645.149 GC heap after
Heap after GC invocations=164 (full 3):
 def new generation   total 42496K, used 42K [0x05000000, 0x07e10000, 0x0faa0000)
  eden space 37824K,   0% used [0x05000000, 0x05000000, 0x074f0000)
  from space 4672K,   0% used [0x07980000, 0x0798abc0, 0x07e10000)
  to   space 4672K,   0% used [0x074f0000, 0x074f0000, 0x07980000)
 tenured generation   total 94280K, used 57565K [0x0faa0000, 0x156b2000, 0x25000000)
   the space 94280K,  61% used [0x0faa0000, 0x132d7618, 0x132d7800, 0x156b2000)
 Metaspace       used 19674K, capacity 20167K, committed 20352K, reserved 20864K
}
Event: 95890.672 GC heap before
{Heap before GC invocations=164 (full 3):
 def new generation   total 42496K, used 37866K [0x05000000, 0x07e10000, 0x0faa0000)
  eden space 37824K, 100% used [0x05000000, 0x074f0000, 0x074f0000)
  from space 4672K,   0% used [0x07980000, 0x0798abc0, 0x07e10000)
  to   space 4672K,   0% used [0x074f0000, 0x074f0000, 0x07980000)
 tenured generation   total 94280K, used 57565K [0x0faa0000, 0x156b2000, 0x25000000)
   the space 94280K,  61% used [0x0faa0000, 0x132d7618, 0x132d7800, 0x156b2000)
 Metaspace       used 19674K, capacity 20167K, committed 20352K, reserved 20864K
Event: 95890.675 GC heap after
Heap after GC invocations=165 (full 3):
 def new generation   total 42496K, used 50K [0x05000000, 0x07e10000, 0x0faa0000)
  eden space 37824K,   0% used [0x05000000, 0x05000000, 0x074f0000)
  from space 4672K,   1% used [0x074f0000, 0x074fc9d0, 0x07980000)
  to   space 4672K,   0% used [0x07980000, 0x07980000, 0x07e10000)
 tenured generation   total 94280K, used 57565K [0x0faa0000, 0x156b2000, 0x25000000)
   the space 94280K,  61% used [0x0faa0000, 0x132d76b0, 0x132d7800, 0x156b2000)
 Metaspace       used 19674K, capacity 20167K, committed 20352K, reserved 20864K
}
Event: 96105.366 GC heap before
{Heap before GC invocations=165 (full 3):
 def new generation   total 42496K, used 37874K [0x05000000, 0x07e10000, 0x0faa0000)
  eden space 37824K, 100% used [0x05000000, 0x074f0000, 0x074f0000)
  from space 4672K,   1% used [0x074f0000, 0x074fc9d0, 0x07980000)
  to   space 4672K,   0% used [0x07980000, 0x07980000, 0x07e10000)
 tenured generation   total 94280K, used 57565K [0x0faa0000, 0x156b2000, 0x25000000)
   the space 94280K,  61% used [0x0faa0000, 0x132d76b0, 0x132d7800, 0x156b2000)
 Metaspace       used 19674K, capacity 20167K, committed 20352K, reserved 20864K
Event: 96105.370 GC heap after
Heap after GC invocations=166 (full 3):
 def new generation   total 42496K, used 2154K [0x05000000, 0x07e10000, 0x0faa0000)
  eden space 37824K,   0% used [0x05000000, 0x05000000, 0x074f0000)
  from space 4672K,  46% used [0x07980000, 0x07b9abb8, 0x07e10000)
  to   space 4672K,   0% used [0x074f0000, 0x074f0000, 0x07980000)
 tenured generation   total 94280K, used 57565K [0x0faa0000, 0x156b2000, 0x25000000)
   the space 94280K,  61% used [0x0faa0000, 0x132d76d0, 0x132d7800, 0x156b2000)
 Metaspace       used 19674K, capacity 20167K, committed 20352K, reserved 20864K
}
Event: 101801.109 GC heap before
{Heap before GC invocations=166 (full 3):
 def new generation   total 42496K, used 39978K [0x05000000, 0x07e10000, 0x0faa0000)
  eden space 37824K, 100% used [0x05000000, 0x074f0000, 0x074f0000)
  from space 4672K,  46% used [0x07980000, 0x07b9abb8, 0x07e10000)
  to   space 4672K,   0% used [0x074f0000, 0x074f0000, 0x07980000)
 tenured generation   total 94280K, used 57565K [0x0faa0000, 0x156b2000, 0x25000000)
   the space 94280K,  61% used [0x0faa0000, 0x132d76d0, 0x132d7800, 0x156b2000)
 Metaspace       used 19675K, capacity 20167K, committed 20352K, reserved 20864K
Event: 101801.112 GC heap after
Heap after GC invocations=167 (full 3):
 def new generation   total 42496K, used 2226K [0x05000000, 0x07e10000, 0x0faa0000)
  eden space 37824K,   0% used [0x05000000, 0x05000000, 0x074f0000)
  from space 4672K,  47% used [0x074f0000, 0x0771c838, 0x07980000)
  to   space 4672K,   0% used [0x07980000, 0x07980000, 0x07e10000)
 tenured generation   total 94280K, used 57565K [0x0faa0000, 0x156b2000, 0x25000000)
   the space 94280K,  61% used [0x0faa0000, 0x132d76d0, 0x132d7800, 0x156b2000)
 Metaspace       used 19675K, capacity 20167K, committed 20352K, reserved 20864K
}
Event: 108652.842 GC heap before
{Heap before GC invocations=167 (full 3):
 def new generation   total 42496K, used 36963K [0x05000000, 0x07e10000, 0x0faa0000)
  eden space 37824K,  91% used [0x05000000, 0x071ec478, 0x074f0000)
  from space 4672K,  47% used [0x074f0000, 0x0771c838, 0x07980000)
  to   space 4672K,   0% used [0x07980000, 0x07980000, 0x07e10000)
 tenured generation   total 94280K, used 57565K [0x0faa0000, 0x156b2000, 0x25000000)
   the space 94280K,  61% used [0x0faa0000, 0x132d76d0, 0x132d7800, 0x156b2000)
 Metaspace       used 19675K, capacity 20167K, committed 20352K, reserved 20864K
Event: 108652.847 GC heap after
Heap after GC invocations=168 (full 3):
 def new generation   total 42496K, used 206K [0x05000000, 0x07e10000, 0x0faa0000)
  eden space 37824K,   0% used [0x05000000, 0x05000000, 0x074f0000)
  from space 4672K,   4% used [0x07980000, 0x079b39e0, 0x07e10000)
  to   space 4672K,   0% used [0x074f0000, 0x074f0000, 0x07980000)
 tenured generation   total 94280K, used 57565K [0x0faa0000, 0x156b2000, 0x25000000)
   the space 94280K,  61% used [0x0faa0000, 0x132d76d0, 0x132d7800, 0x156b2000)
 Metaspace       used 19675K, capacity 20167K, committed 20352K, reserved 20864K
}

